[2022-07-27 23:38:11 INFO]: install::setup-logging ended
================
[2022-07-27 23:38:11 INFO]: install::start-up started
[2022-07-27 23:38:11 INFO]: install::start-up starting services
[2022-07-27 23:38:11 INFO]: install::decompress started
[2022-07-27 23:38:11 INFO]: install::decompress changing directory to db
[2022-07-27 23:38:11 INFO]: install::decompress decompress db/data_dump.tar.gz 
[2022-07-27 23:38:11 INFO]: install::decompress removing data_dump.tar.gz 
[2022-07-27 23:38:11 INFO]: install::decompress changing directory back
[2022-07-27 23:38:11 INFO]: install::decompress ended
================
[2022-07-27 23:38:11 INFO]: install::decompress ended
================
[2022-07-27 23:38:51 INFO]: install::root-check started
[2022-07-27 23:38:51 INFO]: install::root-check ended
================
[2022-07-27 23:38:51 INFO]: install::docker-check started
[2022-07-27 23:38:51 INFO]: install::docker-check ended
================
[2022-07-27 23:38:51 INFO]: install::docker-compose-check started
[2022-07-27 23:38:51 INFO]: install::docker-compose-check ended
================
[2022-07-27 23:38:51 INFO]: install::tear-down started
[2022-07-27 23:38:51 INFO]: install::compress started
[2022-07-27 23:38:51 INFO]: install::compress changing directory to db
[2022-07-27 23:38:51 INFO]: install::compress compressing db/data_dump 
[2022-07-27 23:38:51 INFO]: install::compress removing data_dump 
[2022-07-27 23:38:51 INFO]: install::compress changing directory back
[2022-07-27 23:38:51 INFO]: install::compress ended
================
[2022-07-27 23:38:51 INFO]: install::compress starting services
[2022-07-27 23:38:51 INFO]: install::compress ended
================
